        -:    0:Source:test.c
        -:    0:Graph:test.gcno
        -:    0:Data:-
        -:    0:Runs:0
        -:    0:Programs:0
        -:    1:#include </home/jg/klee/include/klee/klee.h>
        -:    2:#include <stdio.h>
        -:    3:
        -:    4:int get_sign(int y) {
    #####:    5:  int arr[2] = {1, 2};
    #####:    6:  arr[y] = 5;
    #####:    7:  printf("x:%d", y);
    #####:    8:  return 0;
        -:    9:} 
        -:   10:
        -:   11:int main() {
        -:   12:  int a;
    #####:   13:  klee_make_symbolic(&a, sizeof(a), "a");
    #####:   14:  return get_sign(a);
        -:   15:} 
