        -:    0:Source:tmp.c
        -:    0:Graph:tmp.gcno
        -:    0:Data:tmp.gcda
        -:    0:Runs:1
        -:    0:Programs:1
        1:    1:                main()
        -:    2:                {
        1:    3:                 int i = 0, total;   
        -:    4:		 int b;
        1:    5:                 total = 0;
       11:    6:                 for (i = 0; i < 10; i++) {
       10:    7:                  total += i;
       10:    8:		  b = 0;
       10:    9:		  b = 1;
        -:   10:		}
        1:   11:                 if (total != 45)
    #####:   12:                   printf ("Failure\n");
        -:   13:                 else
        1:   14:                   printf ("Success\n");
        -:   15:                }
